<?xml version="1.0" encoding="utf-8" standalone="no"?>
<!--This file represents the results of running a test suite-->
<test-results name="C:\Users\S M Sohan\MvcMailer\Mvc.Mailer.Test\bin\Release\Mvc.Mailer.Test.dll" total="35" errors="0" failures="0" not-run="0" inconclusive="0" ignored="0" skipped="0" invalid="0" date="2011-02-22" time="14:42:19">
  <environment nunit-version="2.5.9.10348" clr-version="2.0.50727.4952" os-version="Microsoft Windows NT 6.1.7600.0" platform="Win32NT" cwd="C:\Users\S M Sohan\MvcMailer\Mvc.Mailer.Test\bin\Release" machine-name="SMSOHAN-PC" user="S M Sohan" user-domain="SMSohan-PC" />
  <culture-info current-culture="en-US" current-uiculture="en-US" />
  <test-suite type="Assembly" name="C:\Users\S M Sohan\MvcMailer\Mvc.Mailer.Test\bin\Release\Mvc.Mailer.Test.dll" executed="True" result="Success" success="True" time="1.089" asserts="0">
    <results>
      <test-suite type="Namespace" name="Mvc" executed="True" result="Success" success="True" time="1.068" asserts="0">
        <results>
          <test-suite type="Namespace" name="Mailer" executed="True" result="Success" success="True" time="1.061" asserts="0">
            <results>
              <test-suite type="Namespace" name="Test" executed="True" result="Success" success="True" time="1.060" asserts="0">
                <results>
                  <test-suite type="TestFixture" name="MailerBaseTest" executed="True" result="Success" success="True" time="0.658" asserts="0">
                    <results>
                      <test-suite type="ParameterizedTest" name="IsMultiPart_should_check_for_both_view_exists" executed="True" result="Success" success="True" time="0.475" asserts="0">
                        <results>
                          <test-case name="Mvc.Mailer.Test.MailerBaseTest.IsMultiPart_should_check_for_both_view_exists(True,True)" executed="True" result="Success" success="True" time="0.455" asserts="1" />
                          <test-case name="Mvc.Mailer.Test.MailerBaseTest.IsMultiPart_should_check_for_both_view_exists(True,False)" executed="True" result="Success" success="True" time="0.002" asserts="1" />
                          <test-case name="Mvc.Mailer.Test.MailerBaseTest.IsMultiPart_should_check_for_both_view_exists(False,True)" executed="True" result="Success" success="True" time="0.001" asserts="1" />
                          <test-case name="Mvc.Mailer.Test.MailerBaseTest.IsMultiPart_should_check_for_both_view_exists(False,False)" executed="True" result="Success" success="True" time="0.001" asserts="1" />
                        </results>
                      </test-suite>
                      <test-case name="Mvc.Mailer.Test.MailerBaseTest.PopulateBody_should_populate_alternate_parts_if_present" executed="True" result="Success" success="True" time="0.027" asserts="0" />
                      <test-case name="Mvc.Mailer.Test.MailerBaseTest.PopulateBodyWithNullMailMessage" executed="True" result="Success" success="True" time="0.004" asserts="0" />
                      <test-case name="Mvc.Mailer.Test.MailerBaseTest.PopulateBodyWithObjectShouldPutTheViewText" executed="True" result="Success" success="True" time="0.016" asserts="2" />
                      <test-case name="Mvc.Mailer.Test.MailerBaseTest.PopulatePart_should_populate_the_specified_part" executed="True" result="Success" success="True" time="0.019" asserts="3" />
                      <test-suite type="ParameterizedTest" name="TestIsBodyHtml" executed="True" result="Success" success="True" time="0.007" asserts="0">
                        <results>
                          <test-case name="Mvc.Mailer.Test.MailerBaseTest.TestIsBodyHtml(True)" executed="True" result="Success" success="True" time="0.000" asserts="1" />
                          <test-case name="Mvc.Mailer.Test.MailerBaseTest.TestIsBodyHtml(False)" executed="True" result="Success" success="True" time="0.000" asserts="1" />
                        </results>
                      </test-suite>
                      <test-suite type="ParameterizedTest" name="TestMasterName" executed="True" result="Success" success="True" time="0.013" asserts="0">
                        <results>
                          <test-case name="Mvc.Mailer.Test.MailerBaseTest.TestMasterName(null)" executed="True" result="Success" success="True" time="0.000" asserts="1" />
                          <test-case name="Mvc.Mailer.Test.MailerBaseTest.TestMasterName(&quot;&quot;)" executed="True" result="Success" success="True" time="0.000" asserts="1" />
                          <test-case name="Mvc.Mailer.Test.MailerBaseTest.TestMasterName(&quot;_Layout&quot;)" executed="True" result="Success" success="True" time="0.000" asserts="1" />
                        </results>
                      </test-suite>
                      <test-case name="Mvc.Mailer.Test.MailerBaseTest.ViewExists_should_call_view_engines_to_to_find_view" executed="True" result="Success" success="True" time="0.079" asserts="1" />
                    </results>
                  </test-suite>
                  <test-suite type="TestFixture" name="MailMessageExtensionsTest" executed="True" result="Success" success="True" time="0.250" asserts="0">
                    <results>
                      <test-case name="Mvc.Mailer.Test.MailMessageExtensionsTest.In_Test_Mode_should_use_TestSmtpClient" executed="True" result="Success" success="True" time="0.035" asserts="2" />
                      <test-case name="Mvc.Mailer.Test.MailMessageExtensionsTest.TestSend" executed="True" result="Success" success="True" time="0.194" asserts="0">
                        <reason>
                          <message><![CDATA[Mail Send working since no exception wast thrown]]></message>
                        </reason>
                      </test-case>
                      <test-case name="Mvc.Mailer.Test.MailMessageExtensionsTest.TestSendAsync" executed="True" result="Success" success="True" time="0.016" asserts="0">
                        <reason>
                          <message><![CDATA[Mail Send Async working since no exception wast thrown]]></message>
                        </reason>
                      </test-case>
                    </results>
                  </test-suite>
                  <test-suite type="TestFixture" name="SmtpClientWrapperTest" executed="True" result="Success" success="True" time="0.022" asserts="0">
                    <results>
                      <test-case name="Mvc.Mailer.Test.SmtpClientWrapperTest.Constructor_with_SmtpClient_should_initiaize_InnerSmtpClient" executed="True" result="Success" success="True" time="0.000" asserts="1" />
                      <test-case name="Mvc.Mailer.Test.SmtpClientWrapperTest.Empty_constructor_should_initiaize_InnerSmtpClient" executed="True" result="Success" success="True" time="0.006" asserts="1" />
                      <test-case name="Mvc.Mailer.Test.SmtpClientWrapperTest.SmtpClientWrapper_should_be_implicitly_created_from_smtp_client" executed="True" result="Success" success="True" time="0.001" asserts="0" />
                      <test-case name="Mvc.Mailer.Test.SmtpClientWrapperTest.Test_InnerSmtpClient" executed="True" result="Success" success="True" time="0.000" asserts="1" />
                    </results>
                  </test-suite>
                  <test-suite type="TestFixture" name="StringResultTest" executed="True" result="Success" success="True" time="0.026" asserts="0">
                    <results>
                      <test-suite type="ParameterizedTest" name="ExecuteResultWithBlankViewNameShouldThrowArgumentNullException" executed="True" result="Success" success="True" time="0.007" asserts="0">
                        <results>
                          <test-case name="Mvc.Mailer.Test.StringResultTest.ExecuteResultWithBlankViewNameShouldThrowArgumentNullException(null)" executed="True" result="Success" success="True" time="0.003" asserts="0" />
                          <test-case name="Mvc.Mailer.Test.StringResultTest.ExecuteResultWithBlankViewNameShouldThrowArgumentNullException(&quot;&quot;)" executed="True" result="Success" success="True" time="0.000" asserts="0" />
                        </results>
                      </test-suite>
                      <test-case name="Mvc.Mailer.Test.StringResultTest.ExecuteResultWithNullContextShouldThrowArgumentNullException" executed="True" result="Success" success="True" time="0.001" asserts="0" />
                      <test-case name="Mvc.Mailer.Test.StringResultTest.ShouldRenderViewIntoOutputProperty" executed="True" result="Success" success="True" time="0.006" asserts="1" />
                      <test-case name="Mvc.Mailer.Test.StringResultTest.ShouldRenderViewIntoOutputPropertyWhenViewIsSet" executed="True" result="Success" success="True" time="0.004" asserts="1" />
                    </results>
                  </test-suite>
                  <test-suite type="TestFixture" name="TestSmtpClientTest" executed="True" result="Success" success="True" time="0.020" asserts="0">
                    <results>
                      <test-case name="Mvc.Mailer.Test.TestSmtpClientTest.Send_should_add_to_sent_mails" executed="True" result="Success" success="True" time="0.002" asserts="3" />
                      <test-case name="Mvc.Mailer.Test.TestSmtpClientTest.Send_should_set_async_to_false" executed="True" result="Success" success="True" time="0.002" asserts="2" />
                      <test-case name="Mvc.Mailer.Test.TestSmtpClientTest.SendAsync_should_add_to_sent_mails" executed="True" result="Success" success="True" time="0.003" asserts="3" />
                      <test-case name="Mvc.Mailer.Test.TestSmtpClientTest.SendAsync_should_fire_call_back_if_registered" executed="True" result="Success" success="True" time="0.002" asserts="1" />
                      <test-case name="Mvc.Mailer.Test.TestSmtpClientTest.SendAsync_should_set_async_to_false" executed="True" result="Success" success="True" time="0.002" asserts="2" />
                      <test-case name="Mvc.Mailer.Test.TestSmtpClientTest.SentMails_should_be_not_null" executed="True" result="Success" success="True" time="0.000" asserts="1" />
                    </results>
                  </test-suite>
                  <test-suite type="TestFixture" name="UrlHelperExtensionTest" executed="True" result="Success" success="True" time="0.051" asserts="0">
                    <results>
                      <test-case name="Mvc.Mailer.Test.UrlHelperExtensionTest.Abs_with_abs_should_return_itself" executed="True" result="Success" success="True" time="0.041" asserts="1" />
                      <test-case name="Mvc.Mailer.Test.UrlHelperExtensionTest.Abs_with_relative_should_absolutilze" executed="True" result="Success" success="True" time="0.006" asserts="1" />
                      <test-case name="Mvc.Mailer.Test.UrlHelperExtensionTest.Abs_with_root_should_absolutilze" executed="True" result="Success" success="True" time="0.001" asserts="1" />
                    </results>
                  </test-suite>
                </results>
              </test-suite>
            </results>
          </test-suite>
        </results>
      </test-suite>
    </results>
  </test-suite>
</test-results>